
ROM used:   3346/32768 (10%)
            3346/32768 (10%) including unused fragments

            1.4 Average locations per line
            6.0 Average locations per statement

RAM used:   37/1536 (2%) at main() level
            67/1536 (4%) worst case

Stack used: 7 worst case (7 in main + 0 for interrupts)
Stack size: 31

Lines Stmts  %   Files
----- ----- ---  -----
  442   235  42  main.c
   12     0   0  main.h
  840     0   0  C:\Program Files (x86)\PICC\Devices\18F4520.h
  456   100  18  C:\Program Files (x86)\PICC\Drivers\lcd.c
  696   227  40  Built_in.h
----- -----
 2446   562 Total

Page ROM  %  RAM   Vol Diff  Functions:
---- --- --- ---   --- ----  ----------
0     46   1    1             @delay_ms1
0     76   1    3   760  4.5  lcd_read_byte
0     82   1    2   262  3.7  lcd_read_nibble
0     66   1    1   399  2.4  lcd_send_nibble
0     70   1    3   415  3.7  lcd_send_byte
0    128   2    6   852  6.2  lcd_init
0     34   1    4   208  6.3  lcd_gotoxy
0     80   1    1   354  4.7  lcd_putc
0    108   2    5   840  7.7  MFRC522_Rd
0    106   2    5   808  6.2  MFRC522_Wr
0     30   0    4   127  3.3  MFRC522_Clear_Bit
0     28   0    4   120  2.8  MFRC522_Set_Bit
0     42   1    0   197  1.8  MFRC522_Reset
0     24   0    1    72  2.0  MFRC522_AntennaOn
0     14   0    0    25  1.2  MFRC522_AntennaOff
0     76   1    0   298  1.9  MFRC522_Init
0    384   6   17  2288 15.8  MFRC522_ToCard
0     80   1    7   319  6.0  MFRC522_Request
0    170   3    9   568  8.2  MFRC522_CRC
0     74   1    5   302  3.3  MFRC522_Halt
0    146   2    8   581  8.2  MFRC522_AntiColl
0     34   1    3    89  3.6  MFRC522_isCard
0     48   1    5   149  4.7  MFRC522_ReadCardSerial
0    320   5    0  1901  3.4  ScanKeyboard
0      6   0    0    17  0.8  OnBuzzer
0      6   0    0    17  0.8  OffBuzzer
0     30   0    2   154  3.3  Beep
0      6   0    0    17  0.8  OnLedGreen
0      6   0    0    17  0.8  OffLedGreen
0      6   0    0    17  0.8  OnLedRed
0      6   0    0    17  0.8  OffLedRed
0     22   0    0    32  1.0  DisplayMain
0      2   0    0             @const801
0     32   0    2             @PSTRINGC_670
0     18   0    0             @const803
0     32   0    0    61  1.4  DisplayInputPass
0      2   0    0             @const805
0     14   0    0             @const806
0     74   1    3   230  6.2  CheckPass
0     16   0    0   200  2.3  ResetInput
0     72   1    3   232  5.4  CheckCard
0    568   8    5  2936  8.9  MAIN
0     18   0    0             @const820
0     18   0    0             @const821
0     18   0    0             @const822
0     50   1    0             @goto11325
0     18   0    0             @const824
0     18   0    0             @const825
0     18   0    0             @const826
 Inline         0             @cinit1

Program metrics:
    Functions               36
    Statements              562
    Comments                478
    Volume (V)              27439
    Difficulty (D)          147.5
    Effort to implement (E) 4046253
    Time to implement (T)   62 hours, 27 minutes
    Est Delivered Bugs (B)  8
    Cyclomatic Complexity   75
    Maintainability (MI)    62

 Segment     Used  Free
-----------  ----  ----
00000-00002     4  0  
00004-07FFE  3342  29422  



